<?xml version="1.0" encoding="UTF-8"?>
<!-- Generated by org.testng.reporters.JUnitXMLReporter -->
<testsuite ignored="0" hostname="WIN10H-K1F9EKP9" failures="2" tests="4" name="Test" time="0.311" errors="0" timestamp="2020-07-18T14:17:52 IST">
  <testcase classname="Extent.Adapter.Test1" name="Test1_1" time="0.013"/>
  <testcase classname="Extent.Adapter.Test1" name="Test1_2" time="0.006">
    <failure type="java.lang.AssertionError" message="expected [true] but found [false]">
      <![CDATA[java.lang.AssertionError: expected [true] but found [false]
at Extent.Adapter.Test1.Test1_2(Test1.java:15)
at java.base/java.util.ArrayList.forEach(ArrayList.java:1540)
... Removed 31 stack frames]]>
    </failure>
  </testcase> <!-- Test1_2 -->
  <testcase classname="Extent.Adapter.Test2" name="Test2_1" time="0.003"/>
  <testcase classname="Extent.Adapter.Test2" name="Test2_2" time="0.002">
    <failure type="java.lang.AssertionError" message="expected [true] but found [false]">
      <![CDATA[java.lang.AssertionError: expected [true] but found [false]
at Extent.Adapter.Test2.Test2_2(Test2.java:15)
at java.base/java.util.ArrayList.forEach(ArrayList.java:1540)
... Removed 31 stack frames]]>
    </failure>
  </testcase> <!-- Test2_2 -->
</testsuite> <!-- Test -->
